<?xml version="1.0" encoding="UTF-8"?>
<coverage generated="1787317610">
  <project timestamp="1787317610" name="Clover Coverage">
    <package name="Openpay\Data">
      <file name="/app/Openpay/Data/CurlHttpTransport.php">
        <class name="Openpay\Data\CurlHttpTransport" namespace="Openpay\Data">
          <metrics complexity="15" methods="3" coveredmethods="3" conditionals="0" coveredconditionals="0" statements="41" coveredstatements="41" elements="44" coveredelements="44"/>
        </class>
        <line num="9" type="method" name="__construct" visibility="public" complexity="1" crap="1" count="5"/>
        <line num="13" type="stmt" count="5"/>
        <line num="15" type="method" name="send" visibility="public" complexity="9" crap="9" count="5"/>
        <line num="17" type="stmt" count="5"/>
        <line num="18" type="stmt" count="5"/>
        <line num="19" type="stmt" count="5"/>
        <line num="20" type="stmt" count="5"/>
        <line num="21" type="stmt" count="5"/>
        <line num="22" type="stmt" count="5"/>
        <line num="23" type="stmt" count="5"/>
        <line num="24" type="stmt" count="5"/>
        <line num="26" type="stmt" count="5"/>
        <line num="27" type="stmt" count="4"/>
        <line num="28" type="stmt" count="2"/>
        <line num="29" type="stmt" count="1"/>
        <line num="30" type="stmt" count="1"/>
        <line num="31" type="stmt" count="2"/>
        <line num="32" type="stmt" count="1"/>
        <line num="33" type="stmt" count="1"/>
        <line num="34" type="stmt" count="2"/>
        <line num="35" type="stmt" count="1"/>
        <line num="37" type="stmt" count="1"/>
        <line num="40" type="stmt" count="4"/>
        <line num="41" type="stmt" count="1"/>
        <line num="44" type="stmt" count="4"/>
        <line num="45" type="stmt" count="4"/>
        <line num="47" type="stmt" count="4"/>
        <line num="49" type="stmt" count="4"/>
        <line num="51" type="stmt" count="4"/>
        <line num="52" type="stmt" count="2"/>
        <line num="53" type="stmt" count="2"/>
        <line num="54" type="stmt" count="2"/>
        <line num="55" type="stmt" count="2"/>
        <line num="58" type="stmt" count="2"/>
        <line num="60" type="stmt" count="2"/>
        <line num="61" type="stmt" count="1"/>
        <line num="64" type="stmt" count="2"/>
        <line num="66" type="stmt" count="2"/>
        <line num="69" type="method" name="handleCurlError" visibility="private" complexity="5" crap="5" count="2"/>
        <line num="75" type="stmt" count="1"/>
        <line num="76" type="stmt" count="1"/>
        <line num="78" type="stmt" count="1"/>
        <line num="81" type="stmt" count="2"/>
        <line num="82" type="stmt" count="2"/>
        <metrics loc="85" ncloc="85" classes="1" methods="3" coveredmethods="3" conditionals="0" coveredconditionals="0" statements="41" coveredstatements="41" elements="44" coveredelements="44"/>
      </file>
      <file name="/app/Openpay/Data/Openpay.php">
        <class name="Openpay\Data\Openpay" namespace="Openpay\Data">
          <metrics complexity="48" methods="24" coveredmethods="24" conditionals="0" coveredconditionals="0" statements="92" coveredstatements="92" elements="116" coveredelements="116"/>
        </class>
        <line num="59" type="method" name="reset" visibility="public" complexity="1" crap="1" count="61"/>
        <line num="61" type="stmt" count="61"/>
        <line num="62" type="stmt" count="61"/>
        <line num="63" type="stmt" count="61"/>
        <line num="64" type="stmt" count="61"/>
        <line num="65" type="stmt" count="61"/>
        <line num="66" type="stmt" count="61"/>
        <line num="67" type="stmt" count="61"/>
        <line num="68" type="stmt" count="61"/>
        <line num="69" type="stmt" count="61"/>
        <line num="70" type="stmt" count="61"/>
        <line num="71" type="stmt" count="61"/>
        <line num="72" type="stmt" count="61"/>
        <line num="73" type="stmt" count="61"/>
        <line num="76" type="method" name="setHttpTransport" visibility="public" complexity="1" crap="1" count="49"/>
        <line num="78" type="stmt" count="49"/>
        <line num="84" type="method" name="configure" visibility="public" complexity="1" crap="1" count="54"/>
        <line num="86" type="stmt" count="54"/>
        <line num="87" type="stmt" count="54"/>
        <line num="88" type="stmt" count="54"/>
        <line num="89" type="stmt" count="54"/>
        <line num="90" type="stmt" count="54"/>
        <line num="91" type="stmt" count="54"/>
        <line num="92" type="stmt" count="54"/>
        <line num="99" type="method" name="configureFromEnvironment" visibility="public" complexity="4" crap="4" count="2"/>
        <line num="101" type="stmt" count="2"/>
        <line num="102" type="stmt" count="2"/>
        <line num="103" type="stmt" count="2"/>
        <line num="104" type="stmt" count="2"/>
        <line num="106" type="stmt" count="2"/>
        <line num="107" type="stmt" count="1"/>
        <line num="109" type="stmt" count="1"/>
        <line num="110" type="stmt" count="1"/>
        <line num="111" type="stmt" count="1"/>
        <line num="112" type="stmt" count="1"/>
        <line num="113" type="stmt" count="1"/>
        <line num="114" type="stmt" count="1"/>
        <line num="115" type="stmt" count="1"/>
        <line num="118" type="stmt" count="2"/>
        <line num="119" type="stmt" count="2"/>
        <line num="120" type="stmt" count="1"/>
        <line num="124" type="method" name="envString" visibility="private" complexity="3" crap="3" count="4"/>
        <line num="126" type="stmt" count="4"/>
        <line num="128" type="stmt" count="4"/>
        <line num="129" type="stmt" count="1"/>
        <line num="132" type="stmt" count="4"/>
        <line num="135" type="method" name="getInstance" visibility="public" complexity="3" crap="3" count="13"/>
        <line num="137" type="stmt" count="13"/>
        <line num="138" type="stmt" count="13"/>
        <line num="140" type="stmt" count="13"/>
        <line num="142" type="stmt" count="13"/>
        <line num="145" type="method" name="setUserAgent" visibility="public" complexity="2" crap="2" count="2"/>
        <line num="147" type="stmt" count="2"/>
        <line num="148" type="stmt" count="1"/>
        <line num="152" type="method" name="getUserAgent" visibility="public" complexity="1" crap="1" count="34"/>
        <line num="154" type="stmt" count="34"/>
        <line num="157" type="method" name="setClassificationMerchant" visibility="public" complexity="2" crap="2" count="2"/>
        <line num="159" type="stmt" count="2"/>
        <line num="160" type="stmt" count="1"/>
        <line num="164" type="method" name="getClassificationMerchant" visibility="public" complexity="1" crap="1" count="51"/>
        <line num="166" type="stmt" count="51"/>
        <line num="169" type="method" name="setApiKey" visibility="public" complexity="2" crap="2" count="5"/>
        <line num="171" type="stmt" count="5"/>
        <line num="172" type="stmt" count="4"/>
        <line num="173" type="stmt" count="4"/>
        <line num="177" type="method" name="getApiKey" visibility="public" complexity="3" crap="3" count="45"/>
        <line num="179" type="stmt" count="45"/>
        <line num="180" type="stmt" count="42"/>
        <line num="183" type="stmt" count="7"/>
        <line num="186" type="method" name="setId" visibility="public" complexity="2" crap="2" count="5"/>
        <line num="188" type="stmt" count="5"/>
        <line num="189" type="stmt" count="4"/>
        <line num="190" type="stmt" count="4"/>
        <line num="194" type="method" name="setCountry" visibility="public" complexity="2" crap="2" count="2"/>
        <line num="196" type="stmt" count="2"/>
        <line num="197" type="stmt" count="1"/>
        <line num="201" type="method" name="getCountry" visibility="public" complexity="1" crap="1" count="4"/>
        <line num="203" type="stmt" count="4"/>
        <line num="206" type="method" name="getId" visibility="public" complexity="3" crap="3" count="47"/>
        <line num="208" type="stmt" count="47"/>
        <line num="209" type="stmt" count="44"/>
        <line num="212" type="stmt" count="5"/>
        <line num="215" type="method" name="setPublicIp" visibility="public" complexity="2" crap="2" count="6"/>
        <line num="217" type="stmt" count="6"/>
        <line num="218" type="stmt" count="5"/>
        <line num="222" type="method" name="getPublicIp" visibility="public" complexity="1" crap="1" count="38"/>
        <line num="224" type="stmt" count="38"/>
        <line num="227" type="method" name="getSandboxMode" visibility="public" complexity="3" crap="3" count="40"/>
        <line num="229" type="stmt" count="40"/>
        <line num="230" type="stmt" count="1"/>
        <line num="231" type="stmt" count="1"/>
        <line num="232" type="stmt" count="1"/>
        <line num="236" type="stmt" count="40"/>
        <line num="239" type="method" name="setSandboxMode" visibility="public" complexity="1" crap="1" count="1"/>
        <line num="241" type="stmt" count="1"/>
        <line num="242" type="stmt" count="1"/>
        <line num="245" type="method" name="getProductionMode" visibility="public" complexity="1" crap="1" count="2"/>
        <line num="247" type="stmt" count="2"/>
        <line num="250" type="method" name="setProductionMode" visibility="public" complexity="1" crap="1" count="2"/>
        <line num="252" type="stmt" count="2"/>
        <line num="253" type="stmt" count="2"/>
        <line num="256" type="method" name="setEndpointUrl" visibility="public" complexity="5" crap="5" count="55"/>
        <line num="258" type="stmt" count="55"/>
        <line num="259" type="stmt" count="51"/>
        <line num="260" type="stmt" count="50"/>
        <line num="261" type="stmt" count="50"/>
        <line num="263" type="stmt" count="1"/>
        <line num="264" type="stmt" count="1"/>
        <line num="266" type="stmt" count="5"/>
        <line num="267" type="stmt" count="3"/>
        <line num="268" type="stmt" count="3"/>
        <line num="269" type="stmt" count="3"/>
        <line num="270" type="stmt" count="2"/>
        <line num="271" type="stmt" count="2"/>
        <line num="275" type="method" name="getEndpointUrl" visibility="public" complexity="2" crap="2" count="39"/>
        <line num="277" type="stmt" count="39"/>
        <metrics loc="280" ncloc="249" classes="1" methods="24" coveredmethods="24" conditionals="0" coveredconditionals="0" statements="92" coveredstatements="92" elements="116" coveredelements="116"/>
      </file>
      <file name="/app/Openpay/Data/OpenpayApi.php">
        <class name="Openpay\Data\OpenpayApi" namespace="Openpay\Data">
          <metrics complexity="5" methods="5" coveredmethods="5" conditionals="0" coveredconditionals="0" statements="6" coveredstatements="6" elements="11" coveredelements="11"/>
        </class>
        <line num="21" type="method" name="getInstance" visibility="protected" complexity="1" crap="1" count="15"/>
        <line num="24" type="stmt" count="15"/>
        <line num="26" type="stmt" count="15"/>
        <line num="32" type="method" name="createRoot" visibility="public" complexity="1" crap="1" count="15"/>
        <line num="34" type="stmt" count="15"/>
        <line num="37" type="method" name="getMerchantInfo" visibility="protected" complexity="1" crap="1" count="1"/>
        <line num="40" type="stmt" count="1"/>
        <line num="43" type="method" name="getResourceUrlName" visibility="protected" complexity="1" crap="1" count="10"/>
        <line num="46" type="stmt" count="10"/>
        <line num="49" type="method" name="getFullURL" visibility="public" complexity="1" crap="1" count="1"/>
        <line num="51" type="stmt" count="1"/>
        <metrics loc="54" ncloc="51" classes="1" methods="5" coveredmethods="5" conditionals="0" coveredconditionals="0" statements="6" coveredstatements="6" elements="11" coveredelements="11"/>
      </file>
      <file name="/app/Openpay/Data/OpenpayApiAuthError.php">
        <class name="Openpay\Data\OpenpayApiAuthError" namespace="Openpay\Data">
          <metrics complexity="0" methods="0" coveredmethods="0" conditionals="0" coveredconditionals="0" statements="0" coveredstatements="0" elements="0" coveredelements="0"/>
        </class>
        <metrics loc="10" ncloc="10" classes="0" methods="0" coveredmethods="0" conditionals="0" coveredconditionals="0" statements="0" coveredstatements="0" elements="0" coveredelements="0"/>
      </file>
      <file name="/app/Openpay/Data/OpenpayApiConnectionError.php">
        <class name="Openpay\Data\OpenpayApiConnectionError" namespace="Openpay\Data">
          <metrics complexity="0" methods="0" coveredmethods="0" conditionals="0" coveredconditionals="0" statements="0" coveredstatements="0" elements="0" coveredelements="0"/>
        </class>
        <metrics loc="10" ncloc="10" classes="0" methods="0" coveredmethods="0" conditionals="0" coveredconditionals="0" statements="0" coveredstatements="0" elements="0" coveredelements="0"/>
      </file>
      <file name="/app/Openpay/Data/OpenpayApiConnector.php">
        <class name="Openpay\Data\OpenpayApiConnector" namespace="Openpay\Data">
          <metrics complexity="58" methods="12" coveredmethods="12" conditionals="0" coveredconditionals="0" statements="107" coveredstatements="107" elements="119" coveredelements="119"/>
        </class>
        <line num="15" type="method" name="__construct" visibility="private" complexity="1" crap="1" count="40"/>
        <line num="17" type="stmt" count="40"/>
        <line num="20" type="method" name="getInstance" visibility="private" complexity="2" crap="2" count="40"/>
        <line num="22" type="stmt" count="40"/>
        <line num="23" type="stmt" count="40"/>
        <line num="26" type="stmt" count="40"/>
        <line num="33" type="method" name="reset" visibility="public" complexity="1" crap="1" count="61"/>
        <line num="35" type="stmt" count="61"/>
        <line num="36" type="stmt" count="61"/>
        <line num="39" type="method" name="setTransport" visibility="public" complexity="1" crap="1" count="49"/>
        <line num="41" type="stmt" count="49"/>
        <line num="47" type="method" name="_request" visibility="private" complexity="10" crap="10" count="40"/>
        <line num="52" type="stmt" count="40"/>
        <line num="54" type="stmt" count="40"/>
        <line num="55" type="stmt" count="40"/>
        <line num="56" type="stmt" count="1"/>
        <line num="57" type="stmt" count="39"/>
        <line num="58" type="stmt" count="1"/>
        <line num="61" type="stmt" count="38"/>
        <line num="62" type="stmt" count="38"/>
        <line num="63" type="stmt" count="1"/>
        <line num="64" type="stmt" count="37"/>
        <line num="65" type="stmt" count="1"/>
        <line num="68" type="stmt" count="36"/>
        <line num="69" type="stmt" count="36"/>
        <line num="70" type="stmt" count="1"/>
        <line num="71" type="stmt" count="35"/>
        <line num="72" type="stmt" count="1"/>
        <line num="75" type="stmt" count="34"/>
        <line num="76" type="stmt" count="34"/>
        <line num="77" type="stmt" count="1"/>
        <line num="79" type="stmt" count="33"/>
        <line num="83" type="stmt" count="33"/>
        <line num="85" type="stmt" count="33"/>
        <line num="86" type="stmt" count="32"/>
        <line num="88" type="stmt" count="1"/>
        <line num="91" type="stmt" count="33"/>
        <line num="93" type="stmt" count="33"/>
        <line num="95" type="stmt" count="32"/>
        <line num="98" type="method" name="transport" visibility="private" complexity="1" crap="1" count="32"/>
        <line num="100" type="stmt" count="32"/>
        <line num="103" type="method" name="dispatch" visibility="private" complexity="7" crap="7" count="34"/>
        <line num="105" type="stmt" count="34"/>
        <line num="107" type="stmt" count="34"/>
        <line num="108" type="stmt" count="24"/>
        <line num="109" type="stmt" count="3"/>
        <line num="111" type="stmt" count="12"/>
        <line num="112" type="stmt" count="11"/>
        <line num="113" type="stmt" count="10"/>
        <line num="114" type="stmt" count="10"/>
        <line num="115" type="stmt" count="4"/>
        <line num="116" type="stmt" count="3"/>
        <line num="117" type="stmt" count="1"/>
        <line num="120" type="stmt" count="1"/>
        <line num="123" type="stmt" count="32"/>
        <line num="126" type="method" name="encodeToQueryString" visibility="private" complexity="9" crap="9" count="4"/>
        <line num="128" type="stmt" count="4"/>
        <line num="129" type="stmt" count="1"/>
        <line num="132" type="stmt" count="3"/>
        <line num="133" type="stmt" count="3"/>
        <line num="134" type="stmt" count="3"/>
        <line num="135" type="stmt" count="1"/>
        <line num="138" type="stmt" count="3"/>
        <line num="139" type="stmt" count="1"/>
        <line num="140" type="stmt" count="3"/>
        <line num="141" type="stmt" count="1"/>
        <line num="144" type="stmt" count="3"/>
        <line num="145" type="stmt" count="1"/>
        <line num="147" type="stmt" count="3"/>
        <line num="150" type="stmt" count="3"/>
        <line num="152" type="stmt" count="3"/>
        <line num="155" type="method" name="encodeToJson" visibility="private" complexity="2" crap="2" count="11"/>
        <line num="158" type="stmt" count="11"/>
        <line num="159" type="stmt" count="1"/>
        <line num="160" type="stmt" count="1"/>
        <line num="164" type="method" name="interpretResponse" visibility="private" complexity="5" crap="5" count="32"/>
        <line num="166" type="stmt" count="32"/>
        <line num="168" type="stmt" count="32"/>
        <line num="169" type="stmt" count="31"/>
        <line num="171" type="stmt" count="31"/>
        <line num="173" type="stmt" count="1"/>
        <line num="174" type="stmt" count="1"/>
        <line num="177" type="stmt" count="31"/>
        <line num="178" type="stmt" count="15"/>
        <line num="179" type="stmt" count="15"/>
        <line num="184" type="stmt" count="16"/>
        <line num="187" type="method" name="handleRequestError" visibility="private" complexity="16" crap="16" count="15"/>
        <line num="189" type="stmt" count="15"/>
        <line num="190" type="stmt" count="1"/>
        <line num="193" type="stmt" count="14"/>
        <line num="194" type="stmt" count="14"/>
        <line num="195" type="stmt" count="14"/>
        <line num="196" type="stmt" count="14"/>
        <line num="197" type="stmt" count="14"/>
        <line num="201" type="stmt" count="14"/>
        <line num="202" type="stmt" count="13"/>
        <line num="203" type="stmt" count="2"/>
        <line num="207" type="stmt" count="12"/>
        <line num="208" type="stmt" count="10"/>
        <line num="209" type="stmt" count="9"/>
        <line num="210" type="stmt" count="8"/>
        <line num="211" type="stmt" count="7"/>
        <line num="212" type="stmt" count="6"/>
        <line num="213" type="stmt" count="7"/>
        <line num="217" type="stmt" count="5"/>
        <line num="218" type="stmt" count="4"/>
        <line num="219" type="stmt" count="3"/>
        <line num="220" type="stmt" count="2"/>
        <line num="221" type="stmt" count="4"/>
        <line num="226" type="stmt" count="1"/>
        <line num="233" type="method" name="request" visibility="public" complexity="3" crap="3" count="41"/>
        <line num="235" type="stmt" count="41"/>
        <line num="237" type="stmt" count="41"/>
        <line num="238" type="stmt" count="32"/>
        <line num="241" type="stmt" count="41"/>
        <line num="242" type="stmt" count="41"/>
        <line num="243" type="stmt" count="1"/>
        <line num="246" type="stmt" count="40"/>
        <line num="248" type="stmt" count="40"/>
        <metrics loc="251" ncloc="235" classes="1" methods="12" coveredmethods="12" conditionals="0" coveredconditionals="0" statements="107" coveredstatements="107" elements="119" coveredelements="119"/>
      </file>
      <file name="/app/Openpay/Data/OpenpayApiConsole.php">
        <class name="Openpay\Data\OpenpayApiConsole" namespace="Openpay\Data">
          <metrics complexity="17" methods="13" coveredmethods="13" conditionals="0" coveredconditionals="0" statements="23" coveredstatements="23" elements="36" coveredelements="36"/>
        </class>
        <line num="22" type="method" name="__construct" visibility="private" complexity="1" crap="1" count="1"/>
        <line num="24" type="stmt" count="1"/>
        <line num="25" type="stmt" count="1"/>
        <line num="28" type="method" name="record" visibility="private" complexity="2" crap="2" count="3"/>
        <line num="30" type="stmt" count="3"/>
        <line num="31" type="stmt" count="3"/>
        <line num="32" type="stmt" count="2"/>
        <line num="34" type="stmt" count="1"/>
        <line num="38" type="method" name="checkFlag" visibility="private" complexity="1" crap="1" count="54"/>
        <line num="40" type="stmt" count="54"/>
        <line num="43" type="method" name="getInstance" visibility="private" complexity="2" crap="2" count="55"/>
        <line num="45" type="stmt" count="55"/>
        <line num="46" type="stmt" count="1"/>
        <line num="49" type="stmt" count="55"/>
        <line num="52" type="method" name="_log" visibility="private" complexity="2" crap="2" count="54"/>
        <line num="54" type="stmt" count="54"/>
        <line num="55" type="stmt" count="54"/>
        <line num="56" type="stmt" count="3"/>
        <line num="61" type="method" name="setLevel" visibility="public" complexity="1" crap="1" count="8"/>
        <line num="63" type="stmt" count="8"/>
        <line num="64" type="stmt" count="8"/>
        <line num="67" type="method" name="printToScreen" visibility="public" complexity="2" crap="2" count="8"/>
        <line num="69" type="stmt" count="8"/>
        <line num="70" type="stmt" count="8"/>
        <line num="73" type="method" name="trace" visibility="public" complexity="1" crap="1" count="48"/>
        <line num="75" type="stmt" count="48"/>
        <line num="78" type="method" name="debug" visibility="public" complexity="1" crap="1" count="7"/>
        <line num="80" type="stmt" count="7"/>
        <line num="83" type="method" name="info" visibility="public" complexity="1" crap="1" count="3"/>
        <line num="85" type="stmt" count="3"/>
        <line num="88" type="method" name="warn" visibility="public" complexity="1" crap="1" count="2"/>
        <line num="90" type="stmt" count="2"/>
        <line num="93" type="method" name="error" visibility="public" complexity="1" crap="1" count="18"/>
        <line num="95" type="stmt" count="18"/>
        <line num="98" type="method" name="critical" visibility="public" complexity="1" crap="1" count="1"/>
        <line num="100" type="stmt" count="1"/>
        <metrics loc="103" ncloc="102" classes="1" methods="13" coveredmethods="13" conditionals="0" coveredconditionals="0" statements="23" coveredstatements="23" elements="36" coveredelements="36"/>
      </file>
      <file name="/app/Openpay/Data/OpenpayApiDerivedResource.php">
        <class name="Openpay\Data\OpenpayApiDerivedResource" namespace="Openpay\Data">
          <metrics complexity="18" methods="8" coveredmethods="8" conditionals="0" coveredconditionals="0" statements="36" coveredstatements="36" elements="44" coveredelements="44"/>
        </class>
        <line num="11" type="method" name="getInstance" visibility="protected" complexity="2" crap="2" count="17"/>
        <line num="13" type="stmt" count="17"/>
        <line num="14" type="stmt" count="17"/>
        <line num="16" type="stmt" count="17"/>
        <line num="19" type="stmt" count="15"/>
        <line num="22" type="method" name="addResource" visibility="protected" complexity="5" crap="5" count="9"/>
        <line num="24" type="stmt" count="9"/>
        <line num="25" type="stmt" count="9"/>
        <line num="26" type="stmt" count="2"/>
        <line num="27" type="stmt" count="1"/>
        <line num="29" type="stmt" count="1"/>
        <line num="31" type="stmt" count="9"/>
        <line num="32" type="stmt" count="9"/>
        <line num="33" type="stmt" count="9"/>
        <line num="34" type="stmt" count="9"/>
        <line num="38" type="method" name="getResource" visibility="protected" complexity="2" crap="2" count="2"/>
        <line num="40" type="stmt" count="2"/>
        <line num="41" type="stmt" count="2"/>
        <line num="42" type="stmt" count="2"/>
        <line num="46" type="method" name="removeResource" visibility="protected" complexity="2" crap="2" count="2"/>
        <line num="48" type="stmt" count="2"/>
        <line num="49" type="stmt" count="2"/>
        <line num="50" type="stmt" count="2"/>
        <line num="54" type="method" name="isResourceListed" visibility="protected" complexity="2" crap="2" count="10"/>
        <line num="56" type="stmt" count="10"/>
        <line num="58" type="stmt" count="10"/>
        <line num="64" type="method" name="add" visibility="public" complexity="1" crap="1" count="8"/>
        <line num="66" type="stmt" count="8"/>
        <line num="69" type="stmt" count="8"/>
        <line num="70" type="stmt" count="8"/>
        <line num="72" type="stmt" count="8"/>
        <line num="75" type="method" name="get" visibility="public" complexity="2" crap="2" count="3"/>
        <line num="77" type="stmt" count="3"/>
        <line num="79" type="stmt" count="3"/>
        <line num="80" type="stmt" count="1"/>
        <line num="82" type="stmt" count="3"/>
        <line num="83" type="stmt" count="2"/>
        <line num="85" type="stmt" count="2"/>
        <line num="88" type="method" name="getList" visibility="public" complexity="2" crap="2" count="2"/>
        <line num="90" type="stmt" count="2"/>
        <line num="92" type="stmt" count="2"/>
        <line num="93" type="stmt" count="1"/>
        <line num="94" type="stmt" count="1"/>
        <line num="97" type="stmt" count="1"/>
        <metrics loc="100" ncloc="97" classes="1" methods="8" coveredmethods="8" conditionals="0" coveredconditionals="0" statements="36" coveredstatements="36" elements="44" coveredelements="44"/>
      </file>
      <file name="/app/Openpay/Data/OpenpayApiError.php">
        <class name="Openpay\Data\OpenpayApiError" namespace="Openpay\Data">
          <metrics complexity="8" methods="7" coveredmethods="7" conditionals="0" coveredconditionals="0" statements="14" coveredstatements="14" elements="21" coveredelements="21"/>
        </class>
        <line num="16" type="method" name="__construct" visibility="public" complexity="2" crap="2" count="36"/>
        <line num="18" type="stmt" count="36"/>
        <line num="19" type="stmt" count="36"/>
        <line num="20" type="stmt" count="36"/>
        <line num="21" type="stmt" count="36"/>
        <line num="22" type="stmt" count="36"/>
        <line num="23" type="stmt" count="36"/>
        <line num="24" type="stmt" count="36"/>
        <line num="25" type="stmt" count="36"/>
        <line num="28" type="method" name="getDescription" visibility="public" complexity="1" crap="1" count="1"/>
        <line num="30" type="stmt" count="1"/>
        <line num="33" type="method" name="getErrorCode" visibility="public" complexity="1" crap="1" count="2"/>
        <line num="35" type="stmt" count="2"/>
        <line num="38" type="method" name="getCategory" visibility="public" complexity="1" crap="1" count="2"/>
        <line num="40" type="stmt" count="2"/>
        <line num="43" type="method" name="getHttpCode" visibility="public" complexity="1" crap="1" count="2"/>
        <line num="45" type="stmt" count="2"/>
        <line num="48" type="method" name="getRequestId" visibility="public" complexity="1" crap="1" count="2"/>
        <line num="50" type="stmt" count="2"/>
        <line num="53" type="method" name="getFraudRules" visibility="public" complexity="1" crap="1" count="2"/>
        <line num="55" type="stmt" count="2"/>
        <metrics loc="58" ncloc="58" classes="1" methods="7" coveredmethods="7" conditionals="0" coveredconditionals="0" statements="14" coveredstatements="14" elements="21" coveredelements="21"/>
      </file>
      <file name="/app/Openpay/Data/OpenpayApiRequestError.php">
        <class name="Openpay\Data\OpenpayApiRequestError" namespace="Openpay\Data">
          <metrics complexity="0" methods="0" coveredmethods="0" conditionals="0" coveredconditionals="0" statements="0" coveredstatements="0" elements="0" coveredelements="0"/>
        </class>
        <metrics loc="10" ncloc="10" classes="0" methods="0" coveredmethods="0" conditionals="0" coveredconditionals="0" statements="0" coveredstatements="0" elements="0" coveredelements="0"/>
      </file>
      <file name="/app/Openpay/Data/OpenpayApiResourceBase.php">
        <class name="Openpay\Data\OpenpayApiResourceBase" namespace="Openpay\Data">
          <metrics complexity="95" methods="24" coveredmethods="22" conditionals="0" coveredconditionals="0" statements="185" coveredstatements="183" elements="209" coveredelements="205"/>
        </class>
        <line num="16" type="method" name="__construct" visibility="protected" complexity="7" crap="7.01" count="18"/>
        <line num="18" type="stmt" count="18"/>
        <line num="19" type="stmt" count="18"/>
        <line num="20" type="stmt" count="18"/>
        <line num="22" type="stmt" count="18"/>
        <line num="23" type="stmt" count="1"/>
        <line num="26" type="stmt" count="17"/>
        <line num="27" type="stmt" count="12"/>
        <line num="28" type="stmt" count="6"/>
        <line num="29" type="stmt" count="6"/>
        <line num="31" type="stmt" count="10"/>
        <line num="32" type="stmt" count="10"/>
        <line num="33" type="stmt" count="10"/>
        <line num="35" type="stmt" count="0"/>
        <line num="38" type="stmt" count="17"/>
        <line num="39" type="stmt" count="17"/>
        <line num="40" type="stmt" count="17"/>
        <line num="41" type="stmt" count="17"/>
        <line num="44" type="stmt" count="17"/>
        <line num="49" type="method" name="getInstance" visibility="protected" complexity="4" crap="4" count="17"/>
        <line num="51" type="stmt" count="17"/>
        <line num="52" type="stmt" count="17"/>
        <line num="53" type="stmt" count="1"/>
        <line num="55" type="stmt" count="16"/>
        <line num="56" type="stmt" count="1"/>
        <line num="57" type="stmt" count="16"/>
        <line num="58" type="stmt" count="15"/>
        <line num="60" type="stmt" count="16"/>
        <line num="62" type="stmt" count="16"/>
        <line num="68" type="method" name="isList" visibility="private" complexity="4" crap="4" count="17"/>
        <line num="70" type="stmt" count="17"/>
        <line num="71" type="stmt" count="1"/>
        <line num="74" type="stmt" count="17"/>
        <line num="75" type="stmt" count="2"/>
        <line num="76" type="stmt" count="1"/>
        <line num="80" type="stmt" count="17"/>
        <line num="83" type="method" name="processAttribute" visibility="private" complexity="7" crap="7" count="17"/>
        <line num="85" type="stmt" count="17"/>
        <line num="86" type="stmt" count="17"/>
        <line num="88" type="stmt" count="17"/>
        <line num="89" type="stmt" count="17"/>
        <line num="91" type="stmt" count="17"/>
        <line num="92" type="stmt" count="17"/>
        <line num="93" type="stmt" count="17"/>
        <line num="94" type="stmt" count="17"/>
        <line num="95" type="stmt" count="1"/>
        <line num="97" type="stmt" count="17"/>
        <line num="99" type="stmt" count="1"/>
        <line num="100" type="stmt" count="1"/>
        <line num="101" type="stmt" count="1"/>
        <line num="102" type="stmt" count="1"/>
        <line num="104" type="stmt" count="1"/>
        <line num="105" type="stmt" count="1"/>
        <line num="109" type="stmt" count="10"/>
        <line num="112" type="stmt" count="1"/>
        <line num="113" type="stmt" count="1"/>
        <line num="114" type="stmt" count="1"/>
        <line num="116" type="stmt" count="1"/>
        <line num="118" type="stmt" count="10"/>
        <line num="122" type="stmt" count="17"/>
        <line num="125" type="method" name="getResourceName" visibility="private" complexity="2" crap="2" count="17"/>
        <line num="127" type="stmt" count="17"/>
        <line num="128" type="stmt" count="17"/>
        <line num="129" type="stmt" count="1"/>
        <line num="132" type="stmt" count="17"/>
        <line num="135" type="method" name="isResource" visibility="private" complexity="1" crap="1" count="17"/>
        <line num="137" type="stmt" count="17"/>
        <line num="140" type="stmt" count="17"/>
        <line num="143" type="method" name="registerInParent" visibility="private" complexity="6" crap="6" count="2"/>
        <line num="145" type="stmt" count="2"/>
        <line num="146" type="stmt" count="2"/>
        <line num="147" type="stmt" count="2"/>
        <line num="148" type="stmt" count="1"/>
        <line num="151" type="stmt" count="2"/>
        <line num="152" type="stmt" count="1"/>
        <line num="155" type="stmt" count="1"/>
        <line num="156" type="stmt" count="1"/>
        <line num="157" type="stmt" count="1"/>
        <line num="158" type="stmt" count="1"/>
        <line num="163" type="method" name="getSerializeParameters" visibility="private" complexity="1" crap="1" count="2"/>
        <line num="165" type="stmt" count="2"/>
        <line num="167" type="stmt" count="2"/>
        <line num="170" type="method" name="getResource" visibility="private" complexity="4" crap="4" count="1"/>
        <line num="172" type="stmt" count="1"/>
        <line num="173" type="stmt" count="1"/>
        <line num="174" type="stmt" count="1"/>
        <line num="175" type="stmt" count="1"/>
        <line num="180" type="stmt" count="1"/>
        <line num="186" type="method" name="refreshData" visibility="protected" complexity="11" crap="11" count="10"/>
        <line num="188" type="stmt" count="10"/>
        <line num="190" type="stmt" count="10"/>
        <line num="191" type="stmt" count="1"/>
        <line num="194" type="stmt" count="10"/>
        <line num="195" type="stmt" count="1"/>
        <line num="199" type="stmt" count="10"/>
        <line num="200" type="stmt" count="10"/>
        <line num="201" type="stmt" count="2"/>
        <line num="202" type="stmt" count="2"/>
        <line num="203" type="stmt" count="2"/>
        <line num="204" type="stmt" count="2"/>
        <line num="206" type="stmt" count="2"/>
        <line num="207" type="stmt" count="0"/>
        <line num="212" type="stmt" count="10"/>
        <line num="213" type="stmt" count="10"/>
        <line num="215" type="stmt" count="10"/>
        <line num="217" type="stmt" count="10"/>
        <line num="218" type="stmt" count="10"/>
        <line num="219" type="stmt" count="8"/>
        <line num="221" type="stmt" count="10"/>
        <line num="224" type="stmt" count="9"/>
        <line num="225" type="stmt" count="3"/>
        <line num="230" type="stmt" count="9"/>
        <line num="234" type="stmt" count="10"/>
        <line num="237" type="method" name="getResourceUrlName" visibility="protected" complexity="5" crap="5" count="11"/>
        <line num="239" type="stmt" count="11"/>
        <line num="240" type="stmt" count="11"/>
        <line num="241" type="stmt" count="11"/>
        <line num="242" type="stmt" count="11"/>
        <line num="244" type="stmt" count="11"/>
        <line num="245" type="stmt" count="1"/>
        <line num="247" type="stmt" count="11"/>
        <line num="248" type="stmt" count="1"/>
        <line num="250" type="stmt" count="1"/>
        <line num="253" type="stmt" count="11"/>
        <line num="256" type="method" name="validateParams" visibility="protected" complexity="2" crap="2" count="9"/>
        <line num="258" type="stmt" count="9"/>
        <line num="259" type="stmt" count="9"/>
        <line num="260" type="stmt" count="1"/>
        <line num="264" type="method" name="validateId" visibility="protected" complexity="4" crap="4" count="4"/>
        <line num="266" type="stmt" count="4"/>
        <line num="267" type="stmt" count="4"/>
        <line num="268" type="stmt" count="4"/>
        <line num="269" type="stmt" count="3"/>
        <line num="270" type="stmt" count="1"/>
        <line num="275" type="method" name="getMerchantInfo" visibility="protected" complexity="1" crap="1" count="1"/>
        <line num="277" type="stmt" count="1"/>
        <line num="279" type="stmt" count="1"/>
        <line num="282" type="method" name="_create" visibility="protected" complexity="1" crap="1" count="8"/>
        <line num="284" type="stmt" count="8"/>
        <line num="285" type="stmt" count="8"/>
        <line num="288" type="stmt" count="8"/>
        <line num="290" type="stmt" count="8"/>
        <line num="293" type="method" name="_retrieve" visibility="protected" complexity="3" crap="3" count="4"/>
        <line num="295" type="stmt" count="4"/>
        <line num="296" type="stmt" count="3"/>
        <line num="298" type="stmt" count="1"/>
        <line num="301" type="stmt" count="4"/>
        <line num="302" type="stmt" count="4"/>
        <line num="304" type="stmt" count="3"/>
        <line num="306" type="stmt" count="3"/>
        <line num="309" type="method" name="_find" visibility="protected" complexity="3" crap="3" count="2"/>
        <line num="311" type="stmt" count="2"/>
        <line num="312" type="stmt" count="2"/>
        <line num="314" type="stmt" count="1"/>
        <line num="315" type="stmt" count="1"/>
        <line num="316" type="stmt" count="1"/>
        <line num="317" type="stmt" count="1"/>
        <line num="318" type="stmt" count="1"/>
        <line num="319" type="stmt" count="1"/>
        <line num="320" type="stmt" count="1"/>
        <line num="324" type="stmt" count="1"/>
        <line num="327" type="method" name="_update" visibility="protected" complexity="2" crap="2" count="2"/>
        <line num="329" type="stmt" count="2"/>
        <line num="331" type="stmt" count="2"/>
        <line num="332" type="stmt" count="1"/>
        <line num="334" type="stmt" count="1"/>
        <line num="338" type="method" name="_updateCharge" visibility="protected" complexity="2" crap="2" count="1"/>
        <line num="340" type="stmt" count="1"/>
        <line num="341" type="stmt" count="1"/>
        <line num="343" type="stmt" count="1"/>
        <line num="347" type="method" name="_delete" visibility="protected" complexity="4" crap="4" count="2"/>
        <line num="349" type="stmt" count="2"/>
        <line num="352" type="stmt" count="2"/>
        <line num="353" type="stmt" count="2"/>
        <line num="358" type="method" name="_getAttributes" visibility="protected" complexity="1" crap="1" count="1"/>
        <line num="360" type="stmt" count="1"/>
        <line num="361" type="stmt" count="1"/>
        <line num="363" type="stmt" count="1"/>
        <line num="369" type="method" name="getUrl" visibility="public" complexity="8" crap="8" count="11"/>
        <line num="371" type="stmt" count="11"/>
        <line num="372" type="stmt" count="11"/>
        <line num="374" type="stmt" count="11"/>
        <line num="375" type="stmt" count="9"/>
        <line num="376" type="stmt" count="9"/>
        <line num="377" type="stmt" count="9"/>
        <line num="380" type="stmt" count="11"/>
        <line num="382" type="stmt" count="11"/>
        <line num="388" type="method" name="__set" visibility="public" complexity="7" crap="7" count="4"/>
        <line num="390" type="stmt" count="4"/>
        <line num="391" type="stmt" count="4"/>
        <line num="392" type="stmt" count="1"/>
        <line num="394" type="stmt" count="4"/>
        <line num="397" type="stmt" count="1"/>
        <line num="400" type="stmt" count="3"/>
        <line num="401" type="stmt" count="2"/>
        <line num="402" type="stmt" count="2"/>
        <line num="403" type="stmt" count="1"/>
        <line num="407" type="method" name="__get" visibility="public" complexity="5" crap="5" count="11"/>
        <line num="409" type="stmt" count="11"/>
        <line num="410" type="stmt" count="1"/>
        <line num="411" type="stmt" count="11"/>
        <line num="412" type="stmt" count="3"/>
        <line num="413" type="stmt" count="10"/>
        <line num="414" type="stmt" count="10"/>
        <line num="415" type="stmt" count="2"/>
        <line num="416" type="stmt" count="1"/>
        <line num="418" type="stmt" count="2"/>
        <line num="419" type="stmt" count="2"/>
        <line num="421" type="stmt" count="2"/>
        <metrics loc="424" ncloc="397" classes="1" methods="24" coveredmethods="22" conditionals="0" coveredconditionals="0" statements="185" coveredstatements="183" elements="209" coveredelements="205"/>
      </file>
      <file name="/app/Openpay/Data/OpenpayApiTransactionError.php">
        <class name="Openpay\Data\OpenpayApiTransactionError" namespace="Openpay\Data">
          <metrics complexity="0" methods="0" coveredmethods="0" conditionals="0" coveredconditionals="0" statements="0" coveredstatements="0" elements="0" coveredelements="0"/>
        </class>
        <metrics loc="10" ncloc="10" classes="0" methods="0" coveredmethods="0" conditionals="0" coveredconditionals="0" statements="0" coveredstatements="0" elements="0" coveredelements="0"/>
      </file>
      <file name="/app/Openpay/Data/OpenpaySession.php">
        <class name="Openpay\Data\OpenpaySession" namespace="Openpay\Data">
          <metrics complexity="3" methods="2" coveredmethods="2" conditionals="0" coveredconditionals="0" statements="6" coveredstatements="6" elements="8" coveredelements="8"/>
        </class>
        <line num="14" type="method" name="__construct" visibility="public" complexity="1" crap="1" count="2"/>
        <line num="21" type="stmt" count="2"/>
        <line num="30" type="method" name="run" visibility="public" complexity="2" crap="2" count="2"/>
        <line num="32" type="stmt" count="2"/>
        <line num="33" type="stmt" count="2"/>
        <line num="34" type="stmt" count="2"/>
        <line num="38" type="stmt" count="2"/>
        <line num="40" type="stmt" count="2"/>
        <metrics loc="44" ncloc="32" classes="1" methods="2" coveredmethods="2" conditionals="0" coveredconditionals="0" statements="6" coveredstatements="6" elements="8" coveredelements="8"/>
      </file>
    </package>
    <file name="/app/Openpay/Data/OpenpayHttpTransport.php">
      <metrics loc="23" ncloc="11" classes="0" methods="0" coveredmethods="0" conditionals="0" coveredconditionals="0" statements="0" coveredstatements="0" elements="0" coveredelements="0"/>
    </file>
    <package name="Openpay\Resources">
      <file name="/app/Openpay/Resources/OpenpayBankAccount.php">
        <class name="Openpay\Resources\OpenpayBankAccount" namespace="Openpay\Resources">
          <metrics complexity="1" methods="1" coveredmethods="1" conditionals="0" coveredconditionals="0" statements="1" coveredstatements="1" elements="2" coveredelements="2"/>
        </class>
        <line num="15" type="method" name="delete" visibility="public" complexity="1" crap="1" count="1"/>
        <line num="17" type="stmt" count="1"/>
        <metrics loc="20" ncloc="20" classes="1" methods="1" coveredmethods="1" conditionals="0" coveredconditionals="0" statements="1" coveredstatements="1" elements="2" coveredelements="2"/>
      </file>
      <file name="/app/Openpay/Resources/OpenpayBankAccountList.php">
        <class name="Openpay\Resources\OpenpayBankAccountList" namespace="Openpay\Resources">
          <metrics complexity="0" methods="0" coveredmethods="0" conditionals="0" coveredconditionals="0" statements="0" coveredstatements="0" elements="0" coveredelements="0"/>
        </class>
        <metrics loc="12" ncloc="12" classes="0" methods="0" coveredmethods="0" conditionals="0" coveredconditionals="0" statements="0" coveredstatements="0" elements="0" coveredelements="0"/>
      </file>
      <file name="/app/Openpay/Resources/OpenpayBine.php">
        <class name="Openpay\Resources\OpenpayBine" namespace="Openpay\Resources">
          <metrics complexity="0" methods="0" coveredmethods="0" conditionals="0" coveredconditionals="0" statements="0" coveredstatements="0" elements="0" coveredelements="0"/>
        </class>
        <metrics loc="12" ncloc="12" classes="0" methods="0" coveredmethods="0" conditionals="0" coveredconditionals="0" statements="0" coveredstatements="0" elements="0" coveredelements="0"/>
      </file>
      <file name="/app/Openpay/Resources/OpenpayCapture.php">
        <class name="Openpay\Resources\OpenpayCapture" namespace="Openpay\Resources">
          <metrics complexity="1" methods="1" coveredmethods="1" conditionals="0" coveredconditionals="0" statements="1" coveredstatements="1" elements="2" coveredelements="2"/>
        </class>
        <line num="11" type="method" name="getResourceUrlName" visibility="protected" complexity="1" crap="1" count="1"/>
        <line num="13" type="stmt" count="1"/>
        <metrics loc="16" ncloc="16" classes="1" methods="1" coveredmethods="1" conditionals="0" coveredconditionals="0" statements="1" coveredstatements="1" elements="2" coveredelements="2"/>
      </file>
      <file name="/app/Openpay/Resources/OpenpayCard.php">
        <class name="Openpay\Resources\OpenpayCard" namespace="Openpay\Resources">
          <metrics complexity="2" methods="2" coveredmethods="2" conditionals="0" coveredconditionals="0" statements="2" coveredstatements="2" elements="4" coveredelements="4"/>
        </class>
        <line num="20" type="method" name="delete" visibility="public" complexity="1" crap="1" count="1"/>
        <line num="22" type="stmt" count="1"/>
        <line num="25" type="method" name="get" visibility="public" complexity="1" crap="1" count="1"/>
        <line num="27" type="stmt" count="1"/>
        <metrics loc="32" ncloc="31" classes="1" methods="2" coveredmethods="2" conditionals="0" coveredconditionals="0" statements="2" coveredstatements="2" elements="4" coveredelements="4"/>
      </file>
      <file name="/app/Openpay/Resources/OpenpayCardList.php">
        <class name="Openpay\Resources\OpenpayCardList" namespace="Openpay\Resources">
          <metrics complexity="0" methods="0" coveredmethods="0" conditionals="0" coveredconditionals="0" statements="0" coveredstatements="0" elements="0" coveredelements="0"/>
        </class>
        <metrics loc="12" ncloc="12" classes="0" methods="0" coveredmethods="0" conditionals="0" coveredconditionals="0" statements="0" coveredstatements="0" elements="0" coveredelements="0"/>
      </file>
      <file name="/app/Openpay/Resources/OpenpayCharge.php">
        <class name="Openpay\Resources\OpenpayCharge" namespace="Openpay\Resources">
          <metrics complexity="5" methods="3" coveredmethods="3" conditionals="0" coveredconditionals="0" statements="7" coveredstatements="7" elements="10" coveredelements="10"/>
        </class>
        <line num="23" type="method" name="refund" visibility="public" complexity="2" crap="2" count="1"/>
        <line num="25" type="stmt" count="1"/>
        <line num="26" type="stmt" count="1"/>
        <line num="27" type="stmt" count="1"/>
        <line num="31" type="method" name="capture" visibility="public" complexity="2" crap="2" count="1"/>
        <line num="33" type="stmt" count="1"/>
        <line num="34" type="stmt" count="1"/>
        <line num="35" type="stmt" count="1"/>
        <line num="39" type="method" name="update" visibility="public" complexity="1" crap="1" count="1"/>
        <line num="41" type="stmt" count="1"/>
        <metrics loc="44" ncloc="42" classes="1" methods="3" coveredmethods="3" conditionals="0" coveredconditionals="0" statements="7" coveredstatements="7" elements="10" coveredelements="10"/>
      </file>
      <file name="/app/Openpay/Resources/OpenpayChargeList.php">
        <class name="Openpay\Resources\OpenpayChargeList" namespace="Openpay\Resources">
          <metrics complexity="1" methods="1" coveredmethods="1" conditionals="0" coveredconditionals="0" statements="1" coveredstatements="1" elements="2" coveredelements="2"/>
        </class>
        <line num="11" type="method" name="create" visibility="public" complexity="1" crap="1" count="1"/>
        <line num="13" type="stmt" count="1"/>
        <metrics loc="16" ncloc="16" classes="1" methods="1" coveredmethods="1" conditionals="0" coveredconditionals="0" statements="1" coveredstatements="1" elements="2" coveredelements="2"/>
      </file>
      <file name="/app/Openpay/Resources/OpenpayCustomer.php">
        <class name="Openpay\Resources\OpenpayCustomer" namespace="Openpay\Resources">
          <metrics complexity="2" methods="2" coveredmethods="2" conditionals="0" coveredconditionals="0" statements="2" coveredstatements="2" elements="4" coveredelements="4"/>
        </class>
        <line num="24" type="method" name="save" visibility="public" complexity="1" crap="1" count="2"/>
        <line num="26" type="stmt" count="2"/>
        <line num="29" type="method" name="delete" visibility="public" complexity="1" crap="1" count="2"/>
        <line num="31" type="stmt" count="2"/>
        <metrics loc="34" ncloc="34" classes="1" methods="2" coveredmethods="2" conditionals="0" coveredconditionals="0" statements="2" coveredstatements="2" elements="4" coveredelements="4"/>
      </file>
      <file name="/app/Openpay/Resources/OpenpayCustomerList.php">
        <class name="Openpay\Resources\OpenpayCustomerList" namespace="Openpay\Resources">
          <metrics complexity="0" methods="0" coveredmethods="0" conditionals="0" coveredconditionals="0" statements="0" coveredstatements="0" elements="0" coveredelements="0"/>
        </class>
        <metrics loc="12" ncloc="12" classes="0" methods="0" coveredmethods="0" conditionals="0" coveredconditionals="0" statements="0" coveredstatements="0" elements="0" coveredelements="0"/>
      </file>
      <file name="/app/Openpay/Resources/OpenpayFee.php">
        <class name="Openpay\Resources\OpenpayFee" namespace="Openpay\Resources">
          <metrics complexity="2" methods="1" coveredmethods="1" conditionals="0" coveredconditionals="0" statements="3" coveredstatements="3" elements="4" coveredelements="4"/>
        </class>
        <line num="21" type="method" name="refund" visibility="public" complexity="2" crap="2" count="1"/>
        <line num="23" type="stmt" count="1"/>
        <line num="24" type="stmt" count="1"/>
        <line num="25" type="stmt" count="1"/>
        <metrics loc="29" ncloc="29" classes="1" methods="1" coveredmethods="1" conditionals="0" coveredconditionals="0" statements="3" coveredstatements="3" elements="4" coveredelements="4"/>
      </file>
      <file name="/app/Openpay/Resources/OpenpayFeeList.php">
        <class name="Openpay\Resources\OpenpayFeeList" namespace="Openpay\Resources">
          <metrics complexity="1" methods="1" coveredmethods="1" conditionals="0" coveredconditionals="0" statements="1" coveredstatements="1" elements="2" coveredelements="2"/>
        </class>
        <line num="11" type="method" name="create" visibility="public" complexity="1" crap="1" count="1"/>
        <line num="13" type="stmt" count="1"/>
        <metrics loc="16" ncloc="16" classes="1" methods="1" coveredmethods="1" conditionals="0" coveredconditionals="0" statements="1" coveredstatements="1" elements="2" coveredelements="2"/>
      </file>
      <file name="/app/Openpay/Resources/OpenpayPayout.php">
        <class name="Openpay\Resources\OpenpayPayout" namespace="Openpay\Resources">
          <metrics complexity="0" methods="0" coveredmethods="0" conditionals="0" coveredconditionals="0" statements="0" coveredstatements="0" elements="0" coveredelements="0"/>
        </class>
        <metrics loc="24" ncloc="22" classes="0" methods="0" coveredmethods="0" conditionals="0" coveredconditionals="0" statements="0" coveredstatements="0" elements="0" coveredelements="0"/>
      </file>
      <file name="/app/Openpay/Resources/OpenpayPayoutList.php">
        <class name="Openpay\Resources\OpenpayPayoutList" namespace="Openpay\Resources">
          <metrics complexity="1" methods="1" coveredmethods="1" conditionals="0" coveredconditionals="0" statements="1" coveredstatements="1" elements="2" coveredelements="2"/>
        </class>
        <line num="11" type="method" name="create" visibility="public" complexity="1" crap="1" count="1"/>
        <line num="13" type="stmt" count="1"/>
        <metrics loc="16" ncloc="16" classes="1" methods="1" coveredmethods="1" conditionals="0" coveredconditionals="0" statements="1" coveredstatements="1" elements="2" coveredelements="2"/>
      </file>
      <file name="/app/Openpay/Resources/OpenpayPlan.php">
        <class name="Openpay\Resources\OpenpayPlan" namespace="Openpay\Resources">
          <metrics complexity="2" methods="2" coveredmethods="2" conditionals="0" coveredconditionals="0" statements="2" coveredstatements="2" elements="4" coveredelements="4"/>
        </class>
        <line num="22" type="method" name="save" visibility="public" complexity="1" crap="1" count="1"/>
        <line num="24" type="stmt" count="1"/>
        <line num="27" type="method" name="delete" visibility="public" complexity="1" crap="1" count="1"/>
        <line num="29" type="stmt" count="1"/>
        <metrics loc="32" ncloc="32" classes="1" methods="2" coveredmethods="2" conditionals="0" coveredconditionals="0" statements="2" coveredstatements="2" elements="4" coveredelements="4"/>
      </file>
      <file name="/app/Openpay/Resources/OpenpayPlanList.php">
        <class name="Openpay\Resources\OpenpayPlanList" namespace="Openpay\Resources">
          <metrics complexity="0" methods="0" coveredmethods="0" conditionals="0" coveredconditionals="0" statements="0" coveredstatements="0" elements="0" coveredelements="0"/>
        </class>
        <metrics loc="12" ncloc="12" classes="0" methods="0" coveredmethods="0" conditionals="0" coveredconditionals="0" statements="0" coveredstatements="0" elements="0" coveredelements="0"/>
      </file>
      <file name="/app/Openpay/Resources/OpenpayPse.php">
        <class name="Openpay\Resources\OpenpayPse" namespace="Openpay\Resources">
          <metrics complexity="0" methods="0" coveredmethods="0" conditionals="0" coveredconditionals="0" statements="0" coveredstatements="0" elements="0" coveredelements="0"/>
        </class>
        <metrics loc="20" ncloc="20" classes="0" methods="0" coveredmethods="0" conditionals="0" coveredconditionals="0" statements="0" coveredstatements="0" elements="0" coveredelements="0"/>
      </file>
      <file name="/app/Openpay/Resources/OpenpayPseList.php">
        <class name="Openpay\Resources\OpenpayPseList" namespace="Openpay\Resources">
          <metrics complexity="1" methods="1" coveredmethods="1" conditionals="0" coveredconditionals="0" statements="1" coveredstatements="1" elements="2" coveredelements="2"/>
        </class>
        <line num="11" type="method" name="create" visibility="public" complexity="1" crap="1" count="1"/>
        <line num="13" type="stmt" count="1"/>
        <metrics loc="16" ncloc="16" classes="1" methods="1" coveredmethods="1" conditionals="0" coveredconditionals="0" statements="1" coveredstatements="1" elements="2" coveredelements="2"/>
      </file>
      <file name="/app/Openpay/Resources/OpenpayRefund.php">
        <class name="Openpay\Resources\OpenpayRefund" namespace="Openpay\Resources">
          <metrics complexity="1" methods="1" coveredmethods="1" conditionals="0" coveredconditionals="0" statements="1" coveredstatements="1" elements="2" coveredelements="2"/>
        </class>
        <line num="11" type="method" name="getResourceUrlName" visibility="protected" complexity="1" crap="1" count="1"/>
        <line num="13" type="stmt" count="1"/>
        <metrics loc="16" ncloc="16" classes="1" methods="1" coveredmethods="1" conditionals="0" coveredconditionals="0" statements="1" coveredstatements="1" elements="2" coveredelements="2"/>
      </file>
      <file name="/app/Openpay/Resources/OpenpaySubscription.php">
        <class name="Openpay\Resources\OpenpaySubscription" namespace="Openpay\Resources">
          <metrics complexity="5" methods="3" coveredmethods="3" conditionals="0" coveredconditionals="0" statements="6" coveredstatements="6" elements="9" coveredelements="9"/>
        </class>
        <line num="23" type="method" name="save" visibility="public" complexity="1" crap="1" count="1"/>
        <line num="25" type="stmt" count="1"/>
        <line num="28" type="method" name="delete" visibility="public" complexity="1" crap="1" count="1"/>
        <line num="30" type="stmt" count="1"/>
        <line num="33" type="method" name="__set" visibility="public" complexity="3" crap="3" count="2"/>
        <line num="35" type="stmt" count="2"/>
        <line num="36" type="stmt" count="1"/>
        <line num="37" type="stmt" count="1"/>
        <line num="40" type="stmt" count="1"/>
        <metrics loc="44" ncloc="42" classes="1" methods="3" coveredmethods="3" conditionals="0" coveredconditionals="0" statements="6" coveredstatements="6" elements="9" coveredelements="9"/>
      </file>
      <file name="/app/Openpay/Resources/OpenpaySubscriptionList.php">
        <class name="Openpay\Resources\OpenpaySubscriptionList" namespace="Openpay\Resources">
          <metrics complexity="1" methods="1" coveredmethods="1" conditionals="0" coveredconditionals="0" statements="1" coveredstatements="1" elements="2" coveredelements="2"/>
        </class>
        <line num="11" type="method" name="create" visibility="public" complexity="1" crap="1" count="1"/>
        <line num="13" type="stmt" count="1"/>
        <metrics loc="16" ncloc="16" classes="1" methods="1" coveredmethods="1" conditionals="0" coveredconditionals="0" statements="1" coveredstatements="1" elements="2" coveredelements="2"/>
      </file>
      <file name="/app/Openpay/Resources/OpenpayToken.php">
        <class name="Openpay\Resources\OpenpayToken" namespace="Openpay\Resources">
          <metrics complexity="1" methods="1" coveredmethods="1" conditionals="0" coveredconditionals="0" statements="1" coveredstatements="1" elements="2" coveredelements="2"/>
        </class>
        <line num="13" type="method" name="get" visibility="public" complexity="1" crap="1" count="1"/>
        <line num="15" type="stmt" count="1"/>
        <metrics loc="18" ncloc="18" classes="1" methods="1" coveredmethods="1" conditionals="0" coveredconditionals="0" statements="1" coveredstatements="1" elements="2" coveredelements="2"/>
      </file>
      <file name="/app/Openpay/Resources/OpenpayTransfer.php">
        <class name="Openpay\Resources\OpenpayTransfer" namespace="Openpay\Resources">
          <metrics complexity="0" methods="0" coveredmethods="0" conditionals="0" coveredconditionals="0" statements="0" coveredstatements="0" elements="0" coveredelements="0"/>
        </class>
        <metrics loc="20" ncloc="20" classes="0" methods="0" coveredmethods="0" conditionals="0" coveredconditionals="0" statements="0" coveredstatements="0" elements="0" coveredelements="0"/>
      </file>
      <file name="/app/Openpay/Resources/OpenpayTransferList.php">
        <class name="Openpay\Resources\OpenpayTransferList" namespace="Openpay\Resources">
          <metrics complexity="1" methods="1" coveredmethods="1" conditionals="0" coveredconditionals="0" statements="1" coveredstatements="1" elements="2" coveredelements="2"/>
        </class>
        <line num="11" type="method" name="create" visibility="public" complexity="1" crap="1" count="1"/>
        <line num="13" type="stmt" count="1"/>
        <metrics loc="16" ncloc="16" classes="1" methods="1" coveredmethods="1" conditionals="0" coveredconditionals="0" statements="1" coveredstatements="1" elements="2" coveredelements="2"/>
      </file>
      <file name="/app/Openpay/Resources/OpenpayWebhook.php">
        <class name="Openpay\Resources\OpenpayWebhook" namespace="Openpay\Resources">
          <metrics complexity="2" methods="2" coveredmethods="2" conditionals="0" coveredconditionals="0" statements="2" coveredstatements="2" elements="4" coveredelements="4"/>
        </class>
        <line num="14" type="method" name="save" visibility="public" complexity="1" crap="1" count="1"/>
        <line num="16" type="stmt" count="1"/>
        <line num="19" type="method" name="delete" visibility="public" complexity="1" crap="1" count="1"/>
        <line num="21" type="stmt" count="1"/>
        <metrics loc="24" ncloc="24" classes="1" methods="2" coveredmethods="2" conditionals="0" coveredconditionals="0" statements="2" coveredstatements="2" elements="4" coveredelements="4"/>
      </file>
    </package>
    <metrics files="39" loc="1991" ncloc="1879" classes="26" methods="123" coveredmethods="121" conditionals="0" coveredconditionals="0" statements="544" coveredstatements="542" elements="667" coveredelements="663"/>
  </project>
</coverage>
